<?xml version="1.0" encoding="UTF-8"?>
<!-- Generated by org.testng.reporters.JUnitXMLReporter -->
<testsuite ignored="1" hostname="Siddheshasus" failures="0" tests="2" name="Purchase Test" time="46.365" errors="0" timestamp="2025-12-14T20:21:09 IST">
  <testcase classname="SiddheshWorkspace.submitOrderTest" name="submitOrder" time="17.204"/>
  <testcase classname="SiddheshWorkspace.submitOrderTest" name="submitOrder" time="16.875"/>
  <testcase classname="SiddheshWorkspace.submitOrderTest" name="orderHistoryTest" time="0.0">
    <ignored/>
  </testcase> <!-- orderHistoryTest -->
</testsuite> <!-- Purchase Test -->
