<?xml version="1.0" encoding="UTF-8"?>
<!-- Generated by org.testng.reporters.JUnitXMLReporter -->
<testsuite ignored="0" hostname="Siddheshasus" failures="0" tests="1" name="Default test" time="4.92" errors="0" timestamp="2025-12-21T13:25:45 IST">
  <testcase classname="siddheshselenium.TestComponents.baseTest" name="@BeforeMethod setup" time="4.624">
    <failure type="java.lang.Error" message="Unresolved compilation problems: 
	The import rahulshettyacademy cannot be resolved
	AbstractComponent cannot be resolved to a type
	ProductCatalogue cannot be resolved to a type
	ProductCatalogue cannot be resolved to a type
	ProductCatalogue cannot be resolved to a type
	The method waitForWebElementToAppear(WebElement) is undefined for the type LandingPage
">
      <![CDATA[java.lang.Error: Unresolved compilation problems: 
The import rahulshettyacademy cannot be resolved
AbstractComponent cannot be resolved to a type
ProductCatalogue cannot be resolved to a type
ProductCatalogue cannot be resolved to a type
ProductCatalogue cannot be resolved to a type
The method waitForWebElementToAppear(WebElement) is undefined for the type LandingPage

at SiddheshWorkspace.pageObjects.LandingPage.<init>(LandingPage.java:14)
at siddheshselenium.TestComponents.baseTest.setup(baseTest.java:68)
at java.base/jdk.internal.reflect.NativeMethodAccessorImpl.invoke0(Native Method)
at java.base/jdk.internal.reflect.NativeMethodAccessorImpl.invoke(NativeMethodAccessorImpl.java:77)
at java.base/jdk.internal.reflect.DelegatingMethodAccessorImpl.invoke(DelegatingMethodAccessorImpl.java:43)
at java.base/java.lang.reflect.Method.invoke(Method.java:569)
at org.testng.internal.invokers.MethodInvocationHelper.invokeMethod(MethodInvocationHelper.java:141)
at org.testng.internal.invokers.MethodInvocationHelper.invokeMethodConsideringTimeout(MethodInvocationHelper.java:71)
at org.testng.internal.invokers.ConfigInvoker.invokeConfigurationMethod(ConfigInvoker.java:400)
at org.testng.internal.invokers.ConfigInvoker.invokeConfigurations(ConfigInvoker.java:333)
at org.testng.internal.invokers.TestInvoker.runConfigMethods(TestInvoker.java:836)
at org.testng.internal.invokers.TestInvoker.invokeMethod(TestInvoker.java:601)
at org.testng.internal.invokers.TestInvoker.invokeTestMethod(TestInvoker.java:230)
at org.testng.internal.invokers.MethodRunner.runInSequence(MethodRunner.java:63)
at org.testng.internal.invokers.TestInvoker$MethodInvocationAgent.invoke(TestInvoker.java:995)
at org.testng.internal.invokers.TestInvoker.invokeTestMethods(TestInvoker.java:203)
at org.testng.internal.invokers.TestMethodWorker.invokeTestMethods(TestMethodWorker.java:154)
at org.testng.internal.invokers.TestMethodWorker.run(TestMethodWorker.java:134)
at java.base/java.util.ArrayList.forEach(ArrayList.java:1511)
at org.testng.TestRunner.privateRun(TestRunner.java:741)
at org.testng.TestRunner.run(TestRunner.java:616)
at org.testng.SuiteRunner.runTest(SuiteRunner.java:421)
at org.testng.SuiteRunner.runSequentially(SuiteRunner.java:413)
at org.testng.SuiteRunner.privateRun(SuiteRunner.java:373)
at org.testng.SuiteRunner.run(SuiteRunner.java:312)
at org.testng.SuiteRunnerWorker.runSuite(SuiteRunnerWorker.java:52)
at org.testng.SuiteRunnerWorker.run(SuiteRunnerWorker.java:95)
at org.testng.TestNG.runSuitesSequentially(TestNG.java:1274)
at org.testng.TestNG.runSuitesLocally(TestNG.java:1208)
at org.testng.TestNG.runSuites(TestNG.java:1112)
at org.testng.TestNG.run(TestNG.java:1079)
at org.testng.remote.AbstractRemoteTestNG.run(AbstractRemoteTestNG.java:115)
at org.testng.remote.RemoteTestNG.initAndRun(RemoteTestNG.java:293)
at org.testng.remote.RemoteTestNG.main(RemoteTestNG.java:91)
]]>
    </failure>
  </testcase> <!-- @BeforeMethod setup -->
  <testcase classname="SiddheshWorkspace.standAloneTest" name="submitorder" time="0.0">
    <skipped/>
  </testcase> <!-- submitorder -->
</testsuite> <!-- Default test -->
