<?xml version="1.0" encoding="UTF-8"?>
<!-- Generated by org.testng.reporters.JUnitXMLReporter -->
<testsuite ignored="0" hostname="Siddheshasus" failures="2" tests="2" name="Default test" time="1.206" errors="0" timestamp="2025-12-18T22:28:35 IST">
  <testcase classname="io.cucumber.testng.AbstractTestNGCucumberTests" name="runScenario" time="0.362">
    <failure type="java.lang.NullPointerException" message="Cannot invoke &amp;quot;SiddheshWorkspace.pageObjects.landingPage.signIn(String, String)&amp;quot; because &amp;quot;this.context.landingpage&amp;quot; is null">
      <![CDATA[java.lang.NullPointerException: Cannot invoke "SiddheshWorkspace.pageObjects.landingPage.signIn(String, String)" because "this.context.landingpage" is null
at siddheshselenium.stepDefinations.stepDefinationImplementation.Logged_in_with_username_and_password(stepDefinationImplementation.java:47)
at ✽.Logged in with username siddheshmalusare0113@gmail.com and password Mal_sidh@0113(file:///C:/Users/siddh/eclipse/SeleniumFrameworkDesign/src/test/java/Cucumber/submitOrderTest.feature:10)
]]>
    </failure>
  </testcase> <!-- runScenario -->
  <testcase classname="io.cucumber.testng.AbstractTestNGCucumberTests" name="runScenario" time="0.021">
    <failure type="java.lang.NullPointerException" message="Cannot invoke &amp;quot;SiddheshWorkspace.pageObjects.landingPage.signIn(String, String)&amp;quot; because &amp;quot;this.context.landingpage&amp;quot; is null">
      <![CDATA[java.lang.NullPointerException: Cannot invoke "SiddheshWorkspace.pageObjects.landingPage.signIn(String, String)" because "this.context.landingpage" is null
at siddheshselenium.stepDefinations.stepDefinationImplementation.Logged_in_with_username_and_password(stepDefinationImplementation.java:47)
at ✽.Logged in with username malusarexyz@gmail.com and password Avinash@0113(file:///C:/Users/siddh/eclipse/SeleniumFrameworkDesign/src/test/java/Cucumber/submitOrderTest.feature:10)
]]>
    </failure>
  </testcase> <!-- runScenario -->
</testsuite> <!-- Default test -->
