<?xml version="1.0" encoding="UTF-8"?>
<!-- Generated by org.testng.reporters.JUnitXMLReporter -->
<testsuite ignored="1" hostname="Siddheshasus" failures="1" tests="2" name="Error Validation Test" time="17.777" errors="0" timestamp="2025-12-17T22:15:14 IST">
  <testcase classname="SiddheshWorkspace.errorValidationTest" name="endtoendTest" time="1.396">
    <skipped/>
  </testcase> <!-- endtoendTest -->
  <testcase classname="SiddheshWorkspace.errorValidationTest" name="endtoendTest" time="1.325">
    <failure type="java.lang.AssertionError" message="expected [Incorrect email  password.] but found [Incorrect email or password.]">
      <![CDATA[java.lang.AssertionError: expected [Incorrect email  password.] but found [Incorrect email or password.]
at SiddheshWorkspace.errorValidationTest.endtoendTest(errorValidationTest.java:28)
at java.base/java.util.ArrayList.forEach(ArrayList.java:1596)
at java.base/java.util.concurrent.FutureTask.run(FutureTask.java:317)
at java.base/java.util.concurrent.ThreadPoolExecutor.runWorker(ThreadPoolExecutor.java:1144)
at java.base/java.util.concurrent.ThreadPoolExecutor$Worker.run(ThreadPoolExecutor.java:642)
at java.base/java.lang.Thread.run(Thread.java:1583)
... Removed 21 stack frames]]>
    </failure>
  </testcase> <!-- endtoendTest -->
  <testcase classname="SiddheshWorkspace.errorValidationTest" name="productErrorValidation" time="0.0">
    <ignored/>
  </testcase> <!-- productErrorValidation -->
</testsuite> <!-- Error Validation Test -->
