<?xml version="1.0" encoding="UTF-8"?>
<testng-results ignored="0" total="2" passed="0" failed="2" skipped="0">
  <reporter-output>
  </reporter-output>
  <suite started-at="2025-12-18T22:28:34 IST" name="Default suite" finished-at="2025-12-18T22:28:35 IST" duration-ms="1206">
    <groups>
      <group name="cucumber">
        <method signature="AbstractTestNGCucumberTests.runScenario(io.cucumber.testng.PickleWrapper,io.cucumber.testng.FeatureWrapper)[pri:0, instance:Cucumber.TestNGTestRunner@63475ace]" name="runScenario" class="io.cucumber.testng.AbstractTestNGCucumberTests"/>
      </group> <!-- cucumber -->
    </groups>
    <test started-at="2025-12-18T22:28:34 IST" name="Default test" finished-at="2025-12-18T22:28:35 IST" duration-ms="1206">
      <class name="Cucumber.TestNGTestRunner">
        <test-method is-config="true" signature="setUpClass()[pri:0, instance:Cucumber.TestNGTestRunner@63475ace]" started-at="2025-12-18T22:28:34 IST" name="setUpClass" finished-at="2025-12-18T22:28:35 IST" duration-ms="695" status="PASS">
          <reporter-output>
          </reporter-output>
        </test-method> <!-- setUpClass -->
        <test-method signature="runScenario(io.cucumber.testng.PickleWrapper,io.cucumber.testng.FeatureWrapper)[pri:0, instance:Cucumber.TestNGTestRunner@63475ace]" started-at="2025-12-18T22:28:35 IST" name="runScenario" description="Runs Cucumber Scenarios" data-provider="scenarios" finished-at="2025-12-18T22:28:35 IST" duration-ms="362" status="FAIL">
          <params>
            <param index="0">
              <value>
                <![CDATA["Positive Test of submitting the orderr"]]>
              </value>
            </param>
            <param index="1">
              <value>
                <![CDATA["Optional[Purchase the order from Ecommerce website]"]]>
              </value>
            </param>
          </params>
          <exception class="java.lang.NullPointerException">
            <message>
              <![CDATA[Cannot invoke "SiddheshWorkspace.pageObjects.landingPage.signIn(String, String)" because "this.context.landingpage" is null]]>
            </message>
            <full-stacktrace>
              <![CDATA[java.lang.NullPointerException: Cannot invoke "SiddheshWorkspace.pageObjects.landingPage.signIn(String, String)" because "this.context.landingpage" is null
at siddheshselenium.stepDefinations.stepDefinationImplementation.Logged_in_with_username_and_password(stepDefinationImplementation.java:47)
at ✽.Logged in with username siddheshmalusare0113@gmail.com and password Mal_sidh@0113(file:///C:/Users/siddh/eclipse/SeleniumFrameworkDesign/src/test/java/Cucumber/submitOrderTest.feature:10)
]]>
            </full-stacktrace>
          </exception> <!-- java.lang.NullPointerException -->
          <reporter-output>
          </reporter-output>
        </test-method> <!-- runScenario -->
        <test-method signature="runScenario(io.cucumber.testng.PickleWrapper,io.cucumber.testng.FeatureWrapper)[pri:0, instance:Cucumber.TestNGTestRunner@63475ace]" started-at="2025-12-18T22:28:35 IST" name="runScenario" description="Runs Cucumber Scenarios" data-provider="scenarios" finished-at="2025-12-18T22:28:35 IST" duration-ms="21" status="FAIL">
          <params>
            <param index="0">
              <value>
                <![CDATA["Positive Test of submitting the orderr"]]>
              </value>
            </param>
            <param index="1">
              <value>
                <![CDATA["Optional[Purchase the order from Ecommerce website]"]]>
              </value>
            </param>
          </params>
          <exception class="java.lang.NullPointerException">
            <message>
              <![CDATA[Cannot invoke "SiddheshWorkspace.pageObjects.landingPage.signIn(String, String)" because "this.context.landingpage" is null]]>
            </message>
            <full-stacktrace>
              <![CDATA[java.lang.NullPointerException: Cannot invoke "SiddheshWorkspace.pageObjects.landingPage.signIn(String, String)" because "this.context.landingpage" is null
at siddheshselenium.stepDefinations.stepDefinationImplementation.Logged_in_with_username_and_password(stepDefinationImplementation.java:47)
at ✽.Logged in with username malusarexyz@gmail.com and password Avinash@0113(file:///C:/Users/siddh/eclipse/SeleniumFrameworkDesign/src/test/java/Cucumber/submitOrderTest.feature:10)
]]>
            </full-stacktrace>
          </exception> <!-- java.lang.NullPointerException -->
          <reporter-output>
          </reporter-output>
        </test-method> <!-- runScenario -->
        <test-method is-config="true" signature="tearDownClass()[pri:0, instance:Cucumber.TestNGTestRunner@63475ace]" started-at="2025-12-18T22:28:35 IST" name="tearDownClass" finished-at="2025-12-18T22:28:35 IST" duration-ms="55" status="PASS">
          <reporter-output>
          </reporter-output>
        </test-method> <!-- tearDownClass -->
      </class> <!-- Cucumber.TestNGTestRunner -->
    </test> <!-- Default test -->
  </suite> <!-- Default suite -->
</testng-results>
