<?xml version="1.0" encoding="UTF-8"?>
<!-- Generated by org.testng.reporters.JUnitReportReporter -->
<testsuite hostname="Siddheshasus" failures="0" tests="2" name="SiddheshWorkspace.submitOrderTest" time="45.953" errors="0" timestamp="2025-12-14T20:21:09 IST" skipped="0">
  <testcase classname="SiddheshWorkspace.submitOrderTest" name="submitOrder" time="22.321"/>
  <testcase classname="SiddheshWorkspace.submitOrderTest" name="submitOrder" time="23.632"/>
</testsuite> <!-- SiddheshWorkspace.submitOrderTest -->
