<?xml version="1.0" encoding="UTF-8"?>
<!-- Generated by org.testng.reporters.JUnitReportReporter -->
<testsuite hostname="Siddheshasus" failures="0" tests="2" name="Cucumber.TestNGTestRunner" time="0.383" errors="2" timestamp="2025-12-18T22:28:36 IST" skipped="0">
  <testcase classname="Cucumber.TestNGTestRunner" name="runScenario" time="0.362">
    <error message="Cannot invoke &quot;SiddheshWorkspace.pageObjects.landingPage.signIn(String, String)&quot; because &quot;this.context.landingpage&quot; is null" type="java.lang.NullPointerException">
      <![CDATA[java.lang.NullPointerException: Cannot invoke "SiddheshWorkspace.pageObjects.landingPage.signIn(String, String)" because "this.context.landingpage" is null
at siddheshselenium.stepDefinations.stepDefinationImplementation.Logged_in_with_username_and_password(stepDefinationImplementation.java:47)
at ✽.Logged in with username siddheshmalusare0113@gmail.com and password Mal_sidh@0113(file:///C:/Users/siddh/eclipse/SeleniumFrameworkDesign/src/test/java/Cucumber/submitOrderTest.feature:10)
]]>
    </error>
  </testcase> <!-- runScenario -->
  <testcase classname="Cucumber.TestNGTestRunner" name="runScenario" time="0.021">
    <error message="Cannot invoke &quot;SiddheshWorkspace.pageObjects.landingPage.signIn(String, String)&quot; because &quot;this.context.landingpage&quot; is null" type="java.lang.NullPointerException">
      <![CDATA[java.lang.NullPointerException: Cannot invoke "SiddheshWorkspace.pageObjects.landingPage.signIn(String, String)" because "this.context.landingpage" is null
at siddheshselenium.stepDefinations.stepDefinationImplementation.Logged_in_with_username_and_password(stepDefinationImplementation.java:47)
at ✽.Logged in with username malusarexyz@gmail.com and password Avinash@0113(file:///C:/Users/siddh/eclipse/SeleniumFrameworkDesign/src/test/java/Cucumber/submitOrderTest.feature:10)
]]>
    </error>
  </testcase> <!-- runScenario -->
</testsuite> <!-- Cucumber.TestNGTestRunner -->
