<?xml version="1.0" encoding="UTF-8"?>
<!-- Generated by org.testng.reporters.JUnitReportReporter -->
<testsuite hostname="Siddheshasus" failures="0" tests="2" name="SiddheshWorkspace.submitOrderTest" time="46.427" errors="0" timestamp="2025-12-17T21:34:39 IST" skipped="0">
  <testcase classname="SiddheshWorkspace.submitOrderTest" name="submitOrder" time="21.538"/>
  <testcase classname="SiddheshWorkspace.submitOrderTest" name="submitOrder" time="24.889"/>
</testsuite> <!-- SiddheshWorkspace.submitOrderTest -->
